<?xml version="1.0" encoding="UTF-8"?>
<!-- Generated by org.testng.reporters.JUnitXMLReporter -->
<testsuite ignored="0" hostname="DESKTOP-5LKKDCR" failures="0" tests="4" name="Default test" time="10.205" errors="0" timestamp="2024-11-12T00:39:07 IST">
  <testcase classname="TestCases.HomePageTest" name="TC_HP_71" time="0.109"/>
  <testcase classname="TestCases.HomePageTest" name="TC_HP_5" time="0.05"/>
  <testcase classname="TestCases.HomePageTest" name="TC_HP_6" time="0.057"/>
  <testcase classname="TestCases.HomePageTest" name="TC_HP_3" time="0.049"/>
</testsuite> <!-- Default test -->
