<?xml version="1.0" encoding="UTF-8"?>
<!-- Generated by org.testng.reporters.JUnitXMLReporter -->
<testsuite ignored="0" hostname="DESKTOP-2PN8K12" failures="0" tests="54" name="RegressionTest" time="310.549" errors="0" timestamp="2024-11-25T12:05:33 IST">
  <testcase classname="TestCases.HomePageTest" name="testLoginBtnPresent" time="0.463"/>
  <testcase classname="TestCases.HomePageTest" name="testLogoIsDisplayed" time="0.079"/>
  <testcase classname="TestCases.HomePageTest" name="testWelcomeMessagepresent" time="0.1"/>
  <testcase classname="TestCases.HomePageTest" name="testJoinUsBtnEnable" time="0.091"/>
  <testcase classname="TestCases.HomePageTest" name="testLoginBtnFunctionality" time="3.363"/>
  <testcase classname="TestCases.LoginTest" name="testAdminLogin" time="9.81"/>
  <testcase classname="TestCases.LoginTest" name="testMentorLogin" time="9.904"/>
  <testcase classname="TestCases.LoginTest" name="testLoginNegative" time="3.664"/>
  <testcase classname="TestCases.LoginTest" name="testLoginNegative" time="3.799"/>
  <testcase classname="TestCases.LoginTest" name="testLoginNegative" time="3.779"/>
  <testcase classname="TestCases.LoginTest" name="testLoginNegative" time="3.795"/>
  <testcase classname="TestCases.LoginTest" name="testLoginNegative" time="3.802"/>
  <testcase classname="TestCases.LoginTest" name="testLoginNegative" time="3.884"/>
  <testcase classname="TestCases.LoginTest" name="testLoginNegative" time="3.712"/>
  <testcase classname="TestCases.LoginTest" name="testLoginNegative" time="3.889"/>
  <testcase classname="TestCases.LoginTest" name="testLoginNegative" time="3.82"/>
  <testcase classname="TestCases.LoginTest" name="testSignUpEnabled" time="0.198"/>
  <testcase classname="TestCases.AdminDashboardTest" name="testLogoutBtnAvailable" time="3.216"/>
  <testcase classname="TestCases.AdminDashboardTest" name="testProjectListHeader" time="0.136"/>
  <testcase classname="TestCases.AdminDashboardTest" name="testAddProjectButtonPresent" time="0.073"/>
  <testcase classname="TestCases.AdminDashboardTest" name="testAddprojectButtonFunctinality" time="0.266"/>
  <testcase classname="TestCases.AdminDashboardTest" name="testAddProjectAddbutton" time="28.752"/>
  <testcase classname="TestCases.AdminDashboardTest" name="testDeleteButtonActions" time="3.193"/>
  <testcase classname="TestCases.AdminDashboardTest" name="testAddProjectCancelbutton" time="13.777"/>
  <testcase classname="TestCases.AdminDashboardTest" name="testAddProjectNegativeData" time="4.037"/>
  <testcase classname="TestCases.AdminDashboardTest" name="testAddProjectNegativeData" time="8.885"/>
  <testcase classname="TestCases.AdminDashboardTest" name="testAddProjectNegativeData" time="7.963"/>
  <testcase classname="TestCases.AdminDashboardTest" name="testEditProjectPositive" time="14.242"/>
  <testcase classname="TestCases.MentorList" name="testMentorListPageNavigation" time="5.463"/>
  <testcase classname="TestCases.MentorList" name="testMentorListHeader" time="0.198"/>
  <testcase classname="TestCases.MentorList" name="testAddmentorButtonVisible" time="0.043"/>
  <testcase classname="TestCases.MentorList" name="testAddMentorDialogBox" time="6.163"/>
  <testcase classname="TestCases.MentorList" name="testAddedProjectTopicDropdown" time="19.751"/>
  <testcase classname="TestCases.MentorList" name="testInvalidDataAddMentor" time="6.506"/>
  <testcase classname="TestCases.MentorList" name="testInvalidDataAddMentor" time="8.144"/>
  <testcase classname="TestCases.MentorList" name="testInvalidDataAddMentor" time="8.197"/>
  <testcase classname="TestCases.MentorList" name="testInvalidDataAddMentor" time="8.215"/>
  <testcase classname="TestCases.MentorList" name="testInvalidDataAddMentor" time="8.029"/>
  <testcase classname="TestCases.MentorList" name="testInvalidDataAddMentor" time="8.007"/>
  <testcase classname="TestCases.MentorList" name="testInvalidDataAddMentor" time="9.074"/>
  <testcase classname="TestCases.MentorList" name="testInvalidDataAddMentor" time="9.124"/>
  <testcase classname="TestCases.MentorList" name="testValidDataEntryAddMentor" time="10.305"/>
  <testcase classname="TestCases.MentorDashboardTest" name="testLogoutAvailable" time="4.528"/>
  <testcase classname="TestCases.MentorDashboardTest" name="testrefMatVisibleSide" time="0.051"/>
  <testcase classname="TestCases.MentorDashboardTest" name="testsubmissionListPage" time="0.424"/>
  <testcase classname="TestCases.MentorDashboardTest" name="testBatchDropdown" time="3.757"/>
  <testcase classname="TestCases.MentorDashboardTest" name="testTopicDropdown" time="0.62"/>
  <testcase classname="TestCases.MentorDashboardTest" name="testRefMaterialClickable" time="0.241"/>
  <testcase classname="TestCases.MentorDashboardTest" name="testRefMatTableHeader" time="3.441"/>
  <testcase classname="TestCases.MentorDashboardTest" name="testActionsDeletebtnEnable" time="0.073"/>
  <testcase classname="TestCases.MentorDashboardTest" name="testAddRefMaterailDisplayed" time="0.053"/>
  <testcase classname="TestCases.MentorDashboardTest" name="testAddRefMaterailFunction" time="0.265"/>
  <testcase classname="TestCases.ReferenceMaterialPageTest" name="testAddrefmaterialCancelbtn" time="7.343"/>
  <testcase classname="TestCases.ReferenceMaterialPageTest" name="testAddrefmaterialSubmitbtn" time="8.091"/>
</testsuite> <!-- RegressionTest -->
