<?xml version="1.0" encoding="UTF-8"?>
<!-- Generated by org.testng.reporters.JUnitXMLReporter -->
<testsuite ignored="0" hostname="LAPTOP-E462BQ6V" failures="1" tests="14" name="Test" time="18.816" errors="0" timestamp="2024-11-16T20:28:37 IST">
  <testcase classname="TestCases.MentorDashboardTest" name="testrefMatVisibleSide" time="3.376"/>
  <testcase classname="TestCases.MentorDashboardTest" name="testsubmissionListPage" time="0.321"/>
  <testcase classname="TestCases.MentorDashboardTest" name="testBatchDropdown" time="3.408"/>
  <testcase classname="TestCases.MentorDashboardTest" name="testTopicDropdown" time="0.297"/>
  <testcase classname="TestCases.MentorDashboardTest" name="testRefMaterialClickable" time="0.153"/>
  <testcase classname="TestCases.MentorDashboardTest" name="testRefMatTableHeader" time="0.98"/>
  <testcase classname="TestCases.MentorDashboardTest" name="testActionsDeletebtnEnable" time="0.037"/>
  <testcase classname="TestCases.MentorDashboardTest" name="testAddRefMaterailDisplayed" time="0.039"/>
  <testcase classname="TestCases.MentorDashboardTest" name="testAddRefMaterailFunction" time="0.118"/>
  <testcase classname="TestCases.HomePageTest" name="TC_HP_7" time="0.048"/>
  <testcase classname="TestCases.HomePageTest" name="TC_HP_5" time="0.04">
    <failure type="java.lang.AssertionError" message="Logo is not displayed expected [true] but found [false]">
      <![CDATA[java.lang.AssertionError: Logo is not displayed expected [true] but found [false]
at TestCases.HomePageTest.TC_HP_5(HomePageTest.java:27)
at java.base/java.util.ArrayList.forEach(ArrayList.java:1597)
... Removed 28 stack frames]]>
    </failure>
  </testcase> <!-- TC_HP_5 -->
  <testcase classname="TestCases.HomePageTest" name="TC_HP_6" time="0.05"/>
  <testcase classname="TestCases.HomePageTest" name="TC_HP_3" time="0.039"/>
  <testcase classname="TestCases.HomePageTest" name="TC_HP_8" time="0.193"/>
</testsuite> <!-- Test -->
