<?xml version="1.0" encoding="UTF-8"?>
<testng-results ignored="0" total="1" passed="1" failed="0" skipped="0">
  <reporter-output>
  </reporter-output>
  <suite started-at="2024-11-12T10:55:14 IST" name="Default suite" finished-at="2024-11-12T10:55:25 IST" duration-ms="10695">
    <groups>
    </groups>
    <test started-at="2024-11-12T10:55:14 IST" name="Default test" finished-at="2024-11-12T10:55:25 IST" duration-ms="10695">
      <class name="TestCases.LoginTest">
        <test-method is-config="true" signature="testSetUp()[pri:0, instance:TestCases.LoginTest@77847718]" started-at="2024-11-12T10:55:15 IST" name="testSetUp" finished-at="2024-11-12T10:55:25 IST" duration-ms="10298" status="PASS">
          <reporter-output>
          </reporter-output>
        </test-method> <!-- testSetUp -->
        <test-method signature="testproject()[pri:0, instance:TestCases.LoginTest@77847718]" started-at="2024-11-12T10:55:25 IST" name="testproject" finished-at="2024-11-12T10:55:25 IST" duration-ms="17" status="PASS">
          <reporter-output>
          </reporter-output>
        </test-method> <!-- testproject -->
        <test-method is-config="true" signature="tearDown()[pri:0, instance:TestCases.LoginTest@77847718]" started-at="2024-11-12T10:55:25 IST" name="tearDown" finished-at="2024-11-12T10:55:25 IST" duration-ms="324" status="PASS">
          <reporter-output>
          </reporter-output>
        </test-method> <!-- tearDown -->
      </class> <!-- TestCases.LoginTest -->
    </test> <!-- Default test -->
  </suite> <!-- Default suite -->
</testng-results>
