<?xml version="1.0" encoding="UTF-8"?>
<testng-results ignored="0" total="2" passed="1" failed="1" skipped="0">
  <reporter-output>
  </reporter-output>
  <suite started-at="2024-11-17T21:18:37 IST" name="Default suite" finished-at="2024-11-17T21:18:58 IST" duration-ms="21415">
    <groups>
    </groups>
    <test started-at="2024-11-17T21:18:37 IST" name="Default test" finished-at="2024-11-17T21:18:58 IST" duration-ms="21415">
      <class name="TestCases.ReferenceMaterialPageTest">
        <test-method is-config="true" signature="testSetUp()[pri:0, instance:TestCases.ReferenceMaterialPageTest@4efbca5a]" started-at="2024-11-17T21:18:37 IST" name="testSetUp" finished-at="2024-11-17T21:18:46 IST" duration-ms="8964" status="PASS">
          <reporter-output>
          </reporter-output>
        </test-method> <!-- testSetUp -->
        <test-method is-config="true" signature="addReference()[pri:0, instance:TestCases.ReferenceMaterialPageTest@4efbca5a]" started-at="2024-11-17T21:18:46 IST" name="addReference" finished-at="2024-11-17T21:18:47 IST" duration-ms="931" status="PASS">
          <reporter-output>
          </reporter-output>
        </test-method> <!-- addReference -->
        <test-method signature="testAddrefmaterialCancelbtn(java.lang.String,java.lang.String,java.lang.String,java.lang.String,java.lang.String)[pri:0, instance:TestCases.ReferenceMaterialPageTest@4efbca5a]" started-at="2024-11-17T21:18:49 IST" name="testAddrefmaterialCancelbtn" data-provider="testAddrefmaterial" finished-at="2024-11-17T21:18:54 IST" duration-ms="5036" status="PASS">
          <params>
            <param index="0">
              <value>
                <![CDATA[Git]]>
              </value>
            </param>
            <param index="1">
              <value>
                <![CDATA[Git Tutorial]]>
              </value>
            </param>
            <param index="2">
              <value>
                <![CDATA[31102024]]>
              </value>
            </param>
            <param index="3">
              <value>
                <![CDATA[www.google.com]]>
              </value>
            </param>
            <param index="4">
              <value>
                <![CDATA[ok]]>
              </value>
            </param>
          </params>
          <reporter-output>
          </reporter-output>
        </test-method> <!-- testAddrefmaterialCancelbtn -->
        <test-method signature="testAddrefmaterialSubmitbtn(java.lang.String,java.lang.String,java.lang.String,java.lang.String,java.lang.String)[pri:0, instance:TestCases.ReferenceMaterialPageTest@4efbca5a]" started-at="2024-11-17T21:18:54 IST" name="testAddrefmaterialSubmitbtn" data-provider="testAddrefmaterial" finished-at="2024-11-17T21:18:58 IST" duration-ms="4395" status="FAIL">
          <params>
            <param index="0">
              <value>
                <![CDATA[Git]]>
              </value>
            </param>
            <param index="1">
              <value>
                <![CDATA[Git Tutorial]]>
              </value>
            </param>
            <param index="2">
              <value>
                <![CDATA[31102024]]>
              </value>
            </param>
            <param index="3">
              <value>
                <![CDATA[www.google.com]]>
              </value>
            </param>
            <param index="4">
              <value>
                <![CDATA[ok]]>
              </value>
            </param>
          </params>
          <exception class="org.openqa.selenium.NoAlertPresentException">
            <message>
              <![CDATA[no such alert
  (Session info: chrome=130.0.6723.117)
Build info: version: '4.25.0', revision: '8a8aea2337'
System info: os.name: 'Windows 11', os.arch: 'amd64', os.version: '10.0', java.version: '22.0.1'
Driver info: org.openqa.selenium.chrome.ChromeDriver
Command: [068e4a8011f9fae5db3c0e61c8c833fb, getAlertText {}]
Capabilities {acceptInsecureCerts: false, browserName: chrome, browserVersion: 130.0.6723.117, chrome: {chromedriverVersion: 130.0.6723.116 (6ac35f94ae3..., userDataDir: C:\Users\gouri\AppData\Loca...}, fedcm:accounts: true, goog:chromeOptions: {debuggerAddress: localhost:58039}, networkConnectionEnabled: false, pageLoadStrategy: normal, platformName: windows, proxy: Proxy(), se:cdp: ws://localhost:58039/devtoo..., se:cdpVersion: 130.0.6723.117, setWindowRect: true, strictFileInteractability: false, timeouts: {implicit: 0, pageLoad: 300000, script: 30000}, unhandledPromptBehavior: dismiss and notify, webauthn:extension:credBlob: true, webauthn:extension:largeBlob: true, webauthn:extension:minPinLength: true, webauthn:extension:prf: true, webauthn:virtualAuthenticators: true}
Session ID: 068e4a8011f9fae5db3c0e61c8c833fb]]>
            </message>
            <full-stacktrace>
              <![CDATA[org.openqa.selenium.NoAlertPresentException: no such alert
  (Session info: chrome=130.0.6723.117)
Build info: version: '4.25.0', revision: '8a8aea2337'
System info: os.name: 'Windows 11', os.arch: 'amd64', os.version: '10.0', java.version: '22.0.1'
Driver info: org.openqa.selenium.chrome.ChromeDriver
Command: [068e4a8011f9fae5db3c0e61c8c833fb, getAlertText {}]
Capabilities {acceptInsecureCerts: false, browserName: chrome, browserVersion: 130.0.6723.117, chrome: {chromedriverVersion: 130.0.6723.116 (6ac35f94ae3..., userDataDir: C:\Users\gouri\AppData\Loca...}, fedcm:accounts: true, goog:chromeOptions: {debuggerAddress: localhost:58039}, networkConnectionEnabled: false, pageLoadStrategy: normal, platformName: windows, proxy: Proxy(), se:cdp: ws://localhost:58039/devtoo..., se:cdpVersion: 130.0.6723.117, setWindowRect: true, strictFileInteractability: false, timeouts: {implicit: 0, pageLoad: 300000, script: 30000}, unhandledPromptBehavior: dismiss and notify, webauthn:extension:credBlob: true, webauthn:extension:largeBlob: true, webauthn:extension:minPinLength: true, webauthn:extension:prf: true, webauthn:virtualAuthenticators: true}
Session ID: 068e4a8011f9fae5db3c0e61c8c833fb
at java.base/jdk.internal.reflect.DirectConstructorHandleAccessor.newInstance(DirectConstructorHandleAccessor.java:62)
at java.base/java.lang.reflect.Constructor.newInstanceWithCaller(Constructor.java:502)
at java.base/java.lang.reflect.Constructor.newInstance(Constructor.java:486)
at org.openqa.selenium.remote.ErrorCodec.decode(ErrorCodec.java:167)
at org.openqa.selenium.remote.codec.w3c.W3CHttpResponseCodec.decode(W3CHttpResponseCodec.java:138)
at org.openqa.selenium.remote.codec.w3c.W3CHttpResponseCodec.decode(W3CHttpResponseCodec.java:50)
at org.openqa.selenium.remote.HttpCommandExecutor.execute(HttpCommandExecutor.java:190)
at org.openqa.selenium.remote.service.DriverCommandExecutor.invokeExecute(DriverCommandExecutor.java:216)
at org.openqa.selenium.remote.service.DriverCommandExecutor.execute(DriverCommandExecutor.java:174)
at org.openqa.selenium.remote.RemoteWebDriver.execute(RemoteWebDriver.java:545)
at org.openqa.selenium.remote.RemoteWebDriver.execute(RemoteWebDriver.java:618)
at org.openqa.selenium.remote.RemoteWebDriver.execute(RemoteWebDriver.java:622)
at org.openqa.selenium.remote.RemoteWebDriver$RemoteTargetLocator.alert(RemoteWebDriver.java:1190)
at PageObjects.ReferenceMaterialPage.swtichToAlert(ReferenceMaterialPage.java:115)
at TestCases.ReferenceMaterialPageTest.testAddrefmaterialSubmitbtn(ReferenceMaterialPageTest.java:56)
at java.base/jdk.internal.reflect.DirectMethodHandleAccessor.invoke(DirectMethodHandleAccessor.java:103)
at java.base/java.lang.reflect.Method.invoke(Method.java:580)
at org.testng.internal.MethodInvocationHelper.invokeMethod(MethodInvocationHelper.java:133)
at org.testng.internal.TestInvoker.invokeMethod(TestInvoker.java:598)
at org.testng.internal.TestInvoker.invokeTestMethod(TestInvoker.java:173)
at org.testng.internal.MethodRunner.runInSequence(MethodRunner.java:46)
at org.testng.internal.TestInvoker$MethodInvocationAgent.invoke(TestInvoker.java:824)
at org.testng.internal.TestInvoker.invokeTestMethods(TestInvoker.java:146)
at org.testng.internal.TestMethodWorker.invokeTestMethods(TestMethodWorker.java:146)
at org.testng.internal.TestMethodWorker.run(TestMethodWorker.java:128)
at java.base/java.util.ArrayList.forEach(ArrayList.java:1597)
at org.testng.TestRunner.privateRun(TestRunner.java:794)
at org.testng.TestRunner.run(TestRunner.java:596)
at org.testng.SuiteRunner.runTest(SuiteRunner.java:377)
at org.testng.SuiteRunner.runSequentially(SuiteRunner.java:371)
at org.testng.SuiteRunner.privateRun(SuiteRunner.java:332)
at org.testng.SuiteRunner.run(SuiteRunner.java:276)
at org.testng.SuiteRunnerWorker.runSuite(SuiteRunnerWorker.java:53)
at org.testng.SuiteRunnerWorker.run(SuiteRunnerWorker.java:96)
at org.testng.TestNG.runSuitesSequentially(TestNG.java:1212)
at org.testng.TestNG.runSuitesLocally(TestNG.java:1134)
at org.testng.TestNG.runSuites(TestNG.java:1063)
at org.testng.TestNG.run(TestNG.java:1031)
at org.testng.remote.AbstractRemoteTestNG.run(AbstractRemoteTestNG.java:115)
at org.testng.remote.RemoteTestNG.initAndRun(RemoteTestNG.java:293)
at org.testng.remote.RemoteTestNG.main(RemoteTestNG.java:91)
]]>
            </full-stacktrace>
          </exception> <!-- org.openqa.selenium.NoAlertPresentException -->
          <reporter-output>
          </reporter-output>
        </test-method> <!-- testAddrefmaterialSubmitbtn -->
      </class> <!-- TestCases.ReferenceMaterialPageTest -->
    </test> <!-- Default test -->
  </suite> <!-- Default suite -->
</testng-results>
